2024-03-07 01:47:14,629 [Worker-7: Loading available Gradle versions] INFO  o.e.b.c.i.u.g.PublishedGradleVersions - Gradle version information cache is up-to-date. Trying to read.
2024-03-07 01:47:39,822 [Worker-9: Importing Maven projects] INFO  o.e.m.c.i.l.LifecycleMappingFactory - Using org.eclipse.m2e.jdt.JarLifecycleMapping lifecycle mapping for MavenProject: com.project:InsuranceManagemnet:0.0.1 @ C:\Users\piyus\Desktop\UpdatedProject\__Backend\InsuranceManagementSystemWithJWT\pom.xml.
2024-03-07 01:47:42,486 [Worker-9: Importing Maven projects] INFO  o.e.m.j.i.AbstractJavaProjectConfigurator - Adding source folder /InsuranceManagementSystemWithJWT/src/main/java
2024-03-07 01:47:42,487 [Worker-9: Importing Maven projects] INFO  o.e.m.j.i.AbstractJavaProjectConfigurator - Adding resource folder /InsuranceManagementSystemWithJWT/src/main/resources
2024-03-07 01:47:42,487 [Worker-9: Importing Maven projects] INFO  o.e.m.j.i.AbstractJavaProjectConfigurator - Adding resource folder /InsuranceManagementSystemWithJWT/src/main/resources
2024-03-07 01:47:42,488 [Worker-9: Importing Maven projects] INFO  o.e.m.j.i.AbstractJavaProjectConfigurator - Adding source folder /InsuranceManagementSystemWithJWT/src/test/java
2024-03-07 01:47:43,816 [Worker-9: Importing Maven projects] INFO  o.e.m.c.i.p.ProjectConfigurationManager - Imported and configured 1 project(s) in 6 sec
2024-03-07 01:47:51,436 [Worker-9: Building] INFO  o.e.m.c.i.embedder.EclipseLogger - Using 'UTF-8' encoding to copy filtered resources.
2024-03-07 01:47:51,436 [Worker-9: Building] INFO  o.e.m.c.i.embedder.EclipseLogger - Using 'UTF-8' encoding to copy filtered properties files.
2024-03-07 01:47:51,440 [Worker-9: Building] INFO  o.e.m.c.i.embedder.EclipseLogger - Copying 1 resource
2024-03-07 01:47:51,453 [Worker-9: Building] INFO  o.e.m.c.i.embedder.EclipseLogger - Copying 1 resource
2024-03-07 01:47:51,461 [Worker-9: Building] INFO  o.e.m.c.i.embedder.EclipseLogger - Using 'UTF-8' encoding to copy filtered resources.
2024-03-07 01:47:51,461 [Worker-9: Building] INFO  o.e.m.c.i.embedder.EclipseLogger - Using 'UTF-8' encoding to copy filtered properties files.
2024-03-07 01:47:51,461 [Worker-9: Building] INFO  o.e.m.c.i.embedder.EclipseLogger - skip non existing resourceDirectory C:\Users\piyus\Desktop\UpdatedProject\__Backend\InsuranceManagementSystemWithJWT\src\test\resources
2024-03-07 01:48:07,608 [Worker-8: Updating Maven Project] INFO  o.e.m.c.i.p.ProjectConfigurationManager - Update started
2024-03-07 01:48:08,038 [Worker-8: Updating Maven Project] INFO  o.e.m.c.i.l.LifecycleMappingFactory - Using org.eclipse.m2e.jdt.JarLifecycleMapping lifecycle mapping for MavenProject: com.project:InsuranceManagemnet:0.0.1 @ C:\Users\piyus\Desktop\UpdatedProject\__Backend\InsuranceManagementSystemWithJWT\pom.xml.
2024-03-07 01:48:08,597 [Worker-8: Updating Maven Project] INFO  o.e.m.j.i.AbstractJavaProjectConfigurator - Adding source folder /InsuranceManagementSystemWithJWT/src/main/java
2024-03-07 01:48:08,597 [Worker-8: Updating Maven Project] INFO  o.e.m.j.i.AbstractJavaProjectConfigurator - Adding resource folder /InsuranceManagementSystemWithJWT/src/main/resources
2024-03-07 01:48:08,598 [Worker-8: Updating Maven Project] INFO  o.e.m.j.i.AbstractJavaProjectConfigurator - Adding resource folder /InsuranceManagementSystemWithJWT/src/main/resources
2024-03-07 01:48:08,598 [Worker-8: Updating Maven Project] INFO  o.e.m.j.i.AbstractJavaProjectConfigurator - Adding source folder /InsuranceManagementSystemWithJWT/src/test/java
2024-03-07 01:48:08,874 [Worker-8: Updating Maven Project] INFO  o.e.m.c.i.p.ProjectConfigurationManager - Update completed: 1 sec
2024-03-07 01:48:11,339 [Worker-9: Building] INFO  o.e.m.c.i.embedder.EclipseLogger - Using 'UTF-8' encoding to copy filtered resources.
2024-03-07 01:48:11,340 [Worker-9: Building] INFO  o.e.m.c.i.embedder.EclipseLogger - Using 'UTF-8' encoding to copy filtered properties files.
2024-03-07 01:48:11,340 [Worker-9: Building] INFO  o.e.m.c.i.embedder.EclipseLogger - Copying 1 resource
2024-03-07 01:48:11,354 [Worker-9: Building] INFO  o.e.m.c.i.embedder.EclipseLogger - Copying 1 resource
2024-03-07 01:48:11,359 [Worker-9: Building] INFO  o.e.m.c.i.embedder.EclipseLogger - Using 'UTF-8' encoding to copy filtered resources.
2024-03-07 01:48:11,359 [Worker-9: Building] INFO  o.e.m.c.i.embedder.EclipseLogger - Using 'UTF-8' encoding to copy filtered properties files.
2024-03-07 01:48:11,359 [Worker-9: Building] INFO  o.e.m.c.i.embedder.EclipseLogger - skip non existing resourceDirectory C:\Users\piyus\Desktop\UpdatedProject\__Backend\InsuranceManagementSystemWithJWT\src\test\resources
2024-03-12 16:15:35,621 [Worker-2: Loading available Gradle versions] INFO  o.e.b.c.i.u.g.PublishedGradleVersions - Gradle version information cache is up-to-date. Trying to read.
2024-03-14 11:51:02,937 [Worker-7: Loading available Gradle versions] INFO  o.e.b.c.i.u.g.PublishedGradleVersions - Gradle version information cache is out-of-date. Trying to update.
2024-03-14 11:51:03,190 [Worker-7: Loading available Gradle versions] INFO  o.e.b.c.i.u.g.PublishedGradleVersions - Updating Gradle version information cache failed. Using outdated cache.
2024-03-14 11:51:51,571 [Worker-7: Launching InsuranceManagementSystemWithJWT - Application] INFO  o.e.m.c.i.embedder.EclipseLogger - Using 'UTF-8' encoding to copy filtered resources.
2024-03-14 11:51:51,571 [Worker-7: Launching InsuranceManagementSystemWithJWT - Application] INFO  o.e.m.c.i.embedder.EclipseLogger - Using 'UTF-8' encoding to copy filtered properties files.
2024-03-14 11:51:51,571 [Worker-7: Launching InsuranceManagementSystemWithJWT - Application] INFO  o.e.m.c.i.embedder.EclipseLogger - Copying 1 resource
2024-03-14 11:51:51,602 [Worker-7: Launching InsuranceManagementSystemWithJWT - Application] INFO  o.e.m.c.i.embedder.EclipseLogger - Copying 1 resource
2024-03-14 11:51:51,618 [Worker-7: Launching InsuranceManagementSystemWithJWT - Application] INFO  o.e.m.c.i.embedder.EclipseLogger - Using 'UTF-8' encoding to copy filtered resources.
2024-03-14 11:51:51,618 [Worker-7: Launching InsuranceManagementSystemWithJWT - Application] INFO  o.e.m.c.i.embedder.EclipseLogger - Using 'UTF-8' encoding to copy filtered properties files.
2024-03-14 11:51:51,618 [Worker-7: Launching InsuranceManagementSystemWithJWT - Application] INFO  o.e.m.c.i.embedder.EclipseLogger - skip non existing resourceDirectory C:\Users\piyus\Desktop\UpdatedProject\__Backend\InsuranceManagementSystemWithJWT\src\test\resources
2024-03-19 01:35:46,778 [Worker-5: Loading available Gradle versions] INFO  o.e.b.c.i.u.g.PublishedGradleVersions - Gradle version information cache is up-to-date. Trying to read.
2024-03-20 19:22:59,753 [Worker-7: Loading available Gradle versions] INFO  o.e.b.c.i.u.g.PublishedGradleVersions - Gradle version information cache is out-of-date. Trying to update.
2024-04-01 17:16:22,732 [Worker-0: Loading available Gradle versions] INFO  o.e.b.c.i.u.g.PublishedGradleVersions - Gradle version information cache is up-to-date. Trying to read.
2024-04-01 17:17:17,483 [Worker-7: Launching InsuranceManagementSystemWithJWT - Application] INFO  o.e.m.c.i.embedder.EclipseLogger - Using 'UTF-8' encoding to copy filtered resources.
2024-04-01 17:17:17,485 [Worker-7: Launching InsuranceManagementSystemWithJWT - Application] INFO  o.e.m.c.i.embedder.EclipseLogger - Using 'UTF-8' encoding to copy filtered properties files.
2024-04-01 17:17:17,489 [Worker-7: Launching InsuranceManagementSystemWithJWT - Application] INFO  o.e.m.c.i.embedder.EclipseLogger - Copying 1 resource
2024-04-01 17:17:17,504 [Worker-7: Launching InsuranceManagementSystemWithJWT - Application] INFO  o.e.m.c.i.embedder.EclipseLogger - Copying 1 resource
2024-04-01 17:17:17,512 [Worker-7: Launching InsuranceManagementSystemWithJWT - Application] INFO  o.e.m.c.i.embedder.EclipseLogger - Using 'UTF-8' encoding to copy filtered resources.
2024-04-01 17:17:17,512 [Worker-7: Launching InsuranceManagementSystemWithJWT - Application] INFO  o.e.m.c.i.embedder.EclipseLogger - Using 'UTF-8' encoding to copy filtered properties files.
2024-04-01 17:17:17,512 [Worker-7: Launching InsuranceManagementSystemWithJWT - Application] INFO  o.e.m.c.i.embedder.EclipseLogger - skip non existing resourceDirectory C:\Users\piyus\Desktop\UpdatedProject\__Backend\InsuranceManagementSystemWithJWT\src\test\resources
